<?xml version="1.0" encoding="UTF-8"?>
<!-- Generated by org.testng.reporters.JUnitReportReporter -->
<testsuite hostname="LT246" failures="0" tests="1" name="com.lambdatest.TestCases.TC_Lambdatest_01" time="20.806" errors="0" timestamp="2022-06-10T19:19:13 IST" skipped="0">
  <testcase classname="com.lambdatest.TestCases.TC_Lambdatest_01" name="Lambdatest1" time="20.806"/>
  <system-out/>
</testsuite> <!-- com.lambdatest.TestCases.TC_Lambdatest_01 -->
